"../../../../../../Users/alex9/Documents/Unreal Projects/Matt_GameJam_2021/Content/FirstPerson/Meshes/BaseMaterial.uasset" 0
"../../../../../../Users/alex9/Documents/Unreal Projects/Matt_GameJam_2021/Content/FirstPerson/Meshes/CubeMaterialOverride.uasset" 1
"../../../Engine/Content/EngineMaterials/T_Default_Material_Grid_N.uasset" 2
"../../../Engine/Content/EngineMaterials/T_Default_Material_Grid_M.uasset" 3
"../../../Engine/Content/Functions/Engine_MaterialFunctions01/Opacity/CameraDepthFade.uasset" 4
"../../../Engine/Content/EngineMaterials/WorldGridMaterial.uasset" 5
"../../../Engine/Content/Functions/Engine_MaterialFunctions02/Fresnel_Function.uasset" 6
"../../../../../../Users/alex9/Documents/Unreal Projects/Matt_GameJam_2021/Content/Assets/Mats/Red_Glass.uasset" 7
"../../../../../../Users/alex9/Documents/Unreal Projects/Matt_GameJam_2021/Content/Assets/3D/Red_Glass.uasset" 8
"../../../../../../Users/alex9/Documents/Unreal Projects/Matt_GameJam_2021/Content/Assets/3D/Destrutible/Destructible_Cube_DM.uasset" 9
"../../../../../../Users/alex9/Documents/Unreal Projects/Matt_GameJam_2021/Content/Assets/3D/Destructible_Cube_DM.uasset" 10
"../../../../../../Users/alex9/Documents/Unreal Projects/Matt_GameJam_2021/Content/Assets/3D/Box/dirt.uasset" 11
"../../../../../../Users/alex9/Documents/Unreal Projects/Matt_GameJam_2021/Content/Assets/Mats/Gray_Mat.uasset" 12
"../../../../../../Users/alex9/Documents/Unreal Projects/Matt_GameJam_2021/Content/Assets/Mats/Grey_Mat.uasset" 13
"../../../../../../Users/alex9/Documents/Unreal Projects/Matt_GameJam_2021/Content/Assets/Mats/Blue_Glass.uasset" 14
"../../../../../../Users/alex9/Documents/Unreal Projects/Matt_GameJam_2021/Content/Assets/Mats/Hard_Red_Glass.uasset" 15
"../../../../../../Users/alex9/Documents/Unreal Projects/Matt_GameJam_2021/Content/Assets/Mats/White_Glass.uasset" 16
"../../../../../../Users/alex9/Documents/Unreal Projects/Matt_GameJam_2021/Content/Assets/Sound/BoxFalling/Concrete/box1_1.uasset" 17
"../../../../../../Users/alex9/Documents/Unreal Projects/Matt_GameJam_2021/Content/Assets/Sound/BoxFalling/Concrete/box2_1.uasset" 18
"../../../../../../Users/alex9/Documents/Unreal Projects/Matt_GameJam_2021/Content/Assets/Sound/BoxFalling/Concrete/box2_2.uasset" 19
"../../../../../../Users/alex9/Documents/Unreal Projects/Matt_GameJam_2021/Content/Assets/Sound/BoxFalling/Concrete/box2_3.uasset" 20
"../../../../../../Users/alex9/Documents/Unreal Projects/Matt_GameJam_2021/Content/Assets/Sound/BoxFalling/Concrete/box2_4.uasset" 21
"../../../../../../Users/alex9/Documents/Unreal Projects/Matt_GameJam_2021/Content/Assets/Sound/BoxFalling/Concrete/box3_1.uasset" 22
"../../../../../../Users/alex9/Documents/Unreal Projects/Matt_GameJam_2021/Content/Assets/Sound/BoxFalling/Concrete/box3_2.uasset" 23
"../../../../../../Users/alex9/Documents/Unreal Projects/Matt_GameJam_2021/Content/Assets/Sound/BoxFalling/Concrete/box3_3.uasset" 24
"../../../../../../Users/alex9/Documents/Unreal Projects/Matt_GameJam_2021/Content/Assets/Sound/BoxFalling/Concrete/box4_1.uasset" 25
"../../../../../../Users/alex9/Documents/Unreal Projects/Matt_GameJam_2021/Content/Assets/Sound/BoxFalling/Concrete/box4_2.uasset" 26
"../../../../../../Users/alex9/Documents/Unreal Projects/Matt_GameJam_2021/Content/Assets/Sound/BoxFalling/Woddenbox/CardboardBox_Hit_1_4.uasset" 27
"../../../../../../Users/alex9/Documents/Unreal Projects/Matt_GameJam_2021/Content/Assets/Sound/UI/MousePlaySound.uasset" 28
"../../../../../../Users/alex9/Documents/Unreal Projects/Matt_GameJam_2021/Content/Assets/Sound/UI/PlaySound.uasset" 29
"../../../../../../Users/alex9/Documents/Unreal Projects/Matt_GameJam_2021/Content/Assets/Sound/UI/Mouse_Click.uasset" 30
"../../../../../../Users/alex9/Documents/Unreal Projects/Matt_GameJam_2021/Content/Assets/Textures/UI/fdge.uasset" 31
"../../../../../../Users/alex9/Documents/Unreal Projects/Matt_GameJam_2021/Content/Assets/Textures/UI/MATT.uasset" 32
"../../../../../../Users/alex9/Documents/Unreal Projects/Matt_GameJam_2021/Content/FirstPerson/Textures/FirstPersonCrosshair.uasset" 33
"../../../../../../Users/alex9/Documents/Unreal Projects/Matt_GameJam_2021/Content/S_H_BP/WBP_Crosshair.uasset" 34
"../../../Engine/Content/Tutorial/SubEditors/TutorialAssets/Character/TutorialTPP_PhysicsAsset.uasset" 35
"../../../Engine/Content/Tutorial/SubEditors/TutorialAssets/Character/TutorialTPP_Mat.uasset" 36
"../../../Engine/Content/Tutorial/SubEditors/TutorialAssets/Character/TutorialTPP_Skeleton.uasset" 37
"../../../Engine/Content/Tutorial/SubEditors/TutorialAssets/Character/TutorialTPP.uasset" 38
"../../../Engine/Content/Tutorial/SubEditors/TutorialAssets/Character/TutorialCharacter.uasset" 39
"../../../Engine/Content/Tutorial/SubEditors/TutorialAssets/Character/Tutorial_Walk_Fwd.uasset" 40
"../../../Engine/Content/Tutorial/SubEditors/TutorialAssets/Character/Tutorial_Idle.uasset" 41
"../../../Engine/Content/Tutorial/SubEditors/TutorialAssets/Character/NewBlendSpace1D.uasset" 42
"../../../Engine/Content/EditorBlueprintResources/StandardMacros.uasset" 43
"../../../Engine/Content/Tutorial/SubEditors/TutorialAssets/Character/TutorialTPP_AnimBlueprint.uasset" 44
"../../../../../../Users/alex9/Documents/Unreal Projects/Matt_GameJam_2021/Content/S_H_BP/BP_DestructibleEnemy.uasset" 45
"../../../../../../Users/alex9/Documents/Unreal Projects/Matt_GameJam_2021/Content/S_H_BP/BP_Enemy.uasset" 46
"../../../../../../Users/alex9/Documents/Unreal Projects/Matt_GameJam_2021/Content/Assets/Particles/M_BulletTrail.uasset" 47
"../../../../../../Users/alex9/Documents/Unreal Projects/Matt_GameJam_2021/Content/Assets/Particles/P_BulletTrail.uasset" 48
"../../../../../../Users/alex9/Documents/Unreal Projects/Matt_GameJam_2021/Content/Assets/Mats/Black_Mat.uasset" 49
"../../../../../../Users/alex9/Documents/Unreal Projects/Matt_GameJam_2021/Content/Assets/3D/SM_Bullet.uasset" 50
"../../../../../../Users/alex9/Documents/Unreal Projects/Matt_GameJam_2021/Content/S_H_BP/BP_Projectile.uasset" 51
"../../../../../../Users/alex9/Documents/Unreal Projects/Matt_GameJam_2021/Content/FirstPerson/FPWeapon/Materials/MaterialLayers/T_ML_Rubber_Blue_01_N.uasset" 52
"../../../../../../Users/alex9/Documents/Unreal Projects/Matt_GameJam_2021/Content/FirstPerson/FPWeapon/Materials/MaterialLayers/T_ML_Rubber_Blue_01_D.uasset" 53
"../../../../../../Users/alex9/Documents/Unreal Projects/Matt_GameJam_2021/Content/FirstPerson/FPWeapon/Materials/MaterialLayers/ML_GlossyBlack_Latex_UE4.uasset" 54
"../../../Engine/Content/Functions/MaterialLayerFunctions/MatLayerBlend_Simple.uasset" 55
"../../../Engine/Content/Functions/Engine_MaterialFunctions02/Utility/BlendAngleCorrectedNormals.uasset" 56
"../../../Engine/Content/Functions/MaterialLayerFunctions/MatLayerBlend_NormalBlend.uasset" 57
"../../../../../../Users/alex9/Documents/Unreal Projects/Matt_GameJam_2021/Content/FirstPerson/FPWeapon/Textures/T_FPGun_N.uasset" 58
"../../../../../../Users/alex9/Documents/Unreal Projects/Matt_GameJam_2021/Content/FirstPerson/FPWeapon/Textures/T_FPGun_M.uasset" 59
"../../../../../../Users/alex9/Documents/Unreal Projects/Matt_GameJam_2021/Content/FirstPerson/FPWeapon/Materials/MaterialLayers/T_ML_Aluminum01_N.uasset" 60
"../../../../../../Users/alex9/Documents/Unreal Projects/Matt_GameJam_2021/Content/FirstPerson/FPWeapon/Materials/MaterialLayers/T_ML_Aluminum01.uasset" 61
"../../../../../../Users/alex9/Documents/Unreal Projects/Matt_GameJam_2021/Content/FirstPerson/FPWeapon/Materials/MaterialLayers/ML_SoftMetal_UE4.uasset" 62
"../../../../../../Users/alex9/Documents/Unreal Projects/Matt_GameJam_2021/Content/FirstPerson/FPWeapon/Materials/MaterialLayers/ML_Screen.uasset" 63
"../../../../../../Users/alex9/Documents/Unreal Projects/Matt_GameJam_2021/Content/FirstPerson/FPWeapon/Materials/MaterialLayers/ML_Plastic_Shiny_Beige.uasset" 64
"../../../../../../Users/alex9/Documents/Unreal Projects/Matt_GameJam_2021/Content/FirstPerson/FPWeapon/Materials/M_FPGun.uasset" 65
"../../../../../../Users/alex9/Documents/Unreal Projects/Matt_GameJam_2021/Content/FirstPerson/FPWeapon/Mesh/SK_FPGun_Skeleton.uasset" 66
"../../../../../../Users/alex9/Documents/Unreal Projects/Matt_GameJam_2021/Content/FirstPerson/FPWeapon/Mesh/SK_FPGun.uasset" 67
"../../../../../../Users/alex9/Documents/Unreal Projects/Matt_GameJam_2021/Content/S_H_BP/BP_Gun.uasset" 68
"../../../../../../Users/alex9/Documents/Unreal Projects/Matt_GameJam_2021/Content/S_H_BP/BP_Player.uasset" 69
"../../../../../../Users/alex9/Documents/Unreal Projects/Matt_GameJam_2021/Content/Blueprints/BP_Player.uasset" 70
"../../../../../../Users/alex9/Documents/Unreal Projects/Matt_GameJam_2021/Content/FirstPerson/Audio/FirstPersonTemplateWeaponFire02.uasset" 71
"../../../Engine/Content/Animation/DefaultAnimCurveCompressionSettings.uasset" 72
"../../../Engine/Content/Animation/DefaultAnimBoneCompressionSettings.uasset" 73
"../../../../../../Users/alex9/Documents/Unreal Projects/Matt_GameJam_2021/Content/FirstPerson/Character/Mesh/SK_Mannequin_Arms_Skeleton.uasset" 74
"../../../../../../Users/alex9/Documents/Unreal Projects/Matt_GameJam_2021/Content/Assets/Sound/Footsteps/concrete5.uasset" 75
"../../../../../../Users/alex9/Documents/Unreal Projects/Matt_GameJam_2021/Content/Assets/Sound/Footsteps/concrete4.uasset" 76
"../../../../../../Users/alex9/Documents/Unreal Projects/Matt_GameJam_2021/Content/Assets/Sound/Footsteps/concrete3.uasset" 77
"../../../../../../Users/alex9/Documents/Unreal Projects/Matt_GameJam_2021/Content/Assets/Sound/Footsteps/concrete2.uasset" 78
"../../../../../../Users/alex9/Documents/Unreal Projects/Matt_GameJam_2021/Content/Assets/Sound/Footsteps/concrete1.uasset" 79
"../../../../../../Users/alex9/Documents/Unreal Projects/Matt_GameJam_2021/Content/Assets/Sound/Footsteps/Footsteps.uasset" 80
"../../../../../../Users/alex9/Documents/Unreal Projects/Matt_GameJam_2021/Content/FirstPerson/Animations/FirstPerson_Run.uasset" 81
"../../../../../../Users/alex9/Documents/Unreal Projects/Matt_GameJam_2021/Content/FirstPerson/Animations/FirstPerson_JumpStart.uasset" 82
"../../../../../../Users/alex9/Documents/Unreal Projects/Matt_GameJam_2021/Content/FirstPerson/Animations/FirstPerson_JumpLoop.uasset" 83
"../../../../../../Users/alex9/Documents/Unreal Projects/Matt_GameJam_2021/Content/FirstPerson/Animations/FirstPerson_JumpEnd.uasset" 84
"../../../../../../Users/alex9/Documents/Unreal Projects/Matt_GameJam_2021/Content/FirstPerson/Animations/FirstPerson_Idle.uasset" 85
"../../../../../../Users/alex9/Documents/Unreal Projects/Matt_GameJam_2021/Content/FirstPerson/Animations/FirstPerson_AnimBP.uasset" 86
"../../../../../../Users/alex9/Documents/Unreal Projects/Matt_GameJam_2021/Content/FirstPerson/Character/Mesh/FirstPersonAnimBlueprint_Copy.uasset" 87
"../../../../../../Users/alex9/Documents/Unreal Projects/Matt_GameJam_2021/Content/FirstPerson/FPWeapon/Materials/M_FPGun_Inst.uasset" 88
"../../../../../../Users/alex9/Documents/Unreal Projects/Matt_GameJam_2021/Content/FirstPerson/Character/Textures/UE4_LOGO_CARD.uasset" 89
"../../../../../../Users/alex9/Documents/Unreal Projects/Matt_GameJam_2021/Content/FirstPerson/FPWeapon/Materials/MaterialLayers/ML_Plastic_Shiny_Beige_LOGO.uasset" 90
"../../../../../../Users/alex9/Documents/Unreal Projects/Matt_GameJam_2021/Content/FirstPerson/FPWeapon/Materials/MaterialLayers/T_ML_FineRubber.uasset" 91
"../../../../../../Users/alex9/Documents/Unreal Projects/Matt_GameJam_2021/Content/FirstPerson/FPWeapon/Mesh/SK_FPGun_PhysicsAsset.uasset" 92
"../../../../../../Users/alex9/Documents/Unreal Projects/Matt_GameJam_2021/Content/FirstPersonBP/FirstPersonOverview.uasset" 93
"../../../../../../Users/alex9/Documents/Unreal Projects/Matt_GameJam_2021/Content/FirstPersonBP/Blueprints/FirstPersonHUD.uasset" 94
"../../../../../../Users/alex9/Documents/Unreal Projects/Matt_GameJam_2021/Content/FirstPerson/Meshes/FirstPersonProjectileMaterial.uasset" 95
"../../../../../../Users/alex9/Documents/Unreal Projects/Matt_GameJam_2021/Content/FirstPerson/Meshes/FirstPersonProjectileMesh.uasset" 96
"../../../../../../Users/alex9/Documents/Unreal Projects/Matt_GameJam_2021/Content/Assets/Mats/Green_Mat.uasset" 97
"../../../../../../Users/alex9/Documents/Unreal Projects/Matt_GameJam_2021/Content/FirstPersonBP/Blueprints/GreenFirstPersonProjectile.uasset" 98
"../../../../../../Users/alex9/Documents/Unreal Projects/Matt_GameJam_2021/Content/FirstPersonBP/Blueprints/FirstPersonProjectile.uasset" 99
"../../../../../../Users/alex9/Documents/Unreal Projects/Matt_GameJam_2021/Content/Assets/Mats/Blue_Mat.uasset" 100
"../../../../../../Users/alex9/Documents/Unreal Projects/Matt_GameJam_2021/Content/FirstPersonBP/Blueprints/FirstPersonProjectile2.uasset" 101
"../../../../../../Users/alex9/Documents/Unreal Projects/Matt_GameJam_2021/Content/Geometry/Meshes/CubeMaterial.uasset" 102
"../../../../../../Users/alex9/Documents/Unreal Projects/Matt_GameJam_2021/Content/Geometry/Meshes/1M_Cube.uasset" 103
"../../../../../../Users/alex9/Documents/Unreal Projects/Matt_GameJam_2021/Content/Assets/Mats/Red_Neon_Mat.uasset" 104
"../../../../../../Users/alex9/Documents/Unreal Projects/Matt_GameJam_2021/Content/FirstPersonBP/Blueprints/Objects/LaserBars.uasset" 105
"../../../../../../Users/alex9/Documents/Unreal Projects/Matt_GameJam_2021/Content/FirstPerson/Character/Mesh/SK_Mannequin_Arms_PhysicsAsset.uasset" 106
"../../../../../../Users/alex9/Documents/Unreal Projects/Matt_GameJam_2021/Content/FirstPerson/Character/Textures/UE4_Mannequin_MAT_MASKA.uasset" 107
"../../../../../../Users/alex9/Documents/Unreal Projects/Matt_GameJam_2021/Content/FirstPerson/Character/Textures/UE4_Mannequin__normals.uasset" 108
"../../../../../../Users/alex9/Documents/Unreal Projects/Matt_GameJam_2021/Content/FirstPerson/Character/Materials/MaterialLayers/T_ML_Aluminum01_N.uasset" 109
"../../../../../../Users/alex9/Documents/Unreal Projects/Matt_GameJam_2021/Content/FirstPerson/Character/Materials/MaterialLayers/T_ML_Aluminum01.uasset" 110
"../../../../../../Users/alex9/Documents/Unreal Projects/Matt_GameJam_2021/Content/FirstPerson/Character/Materials/MaterialLayers/ML_SoftMetal_UE4.uasset" 111
"../../../../../../Users/alex9/Documents/Unreal Projects/Matt_GameJam_2021/Content/FirstPerson/Character/Materials/MaterialLayers/ML_Plastic_Shiny_Beige_LOGO.uasset" 112
"../../../../../../Users/alex9/Documents/Unreal Projects/Matt_GameJam_2021/Content/FirstPerson/Character/Materials/MaterialLayers/ML_Plastic_Shiny_Beige.uasset" 113
"../../../../../../Users/alex9/Documents/Unreal Projects/Matt_GameJam_2021/Content/FirstPerson/Character/Materials/MaterialLayers/T_ML_Rubber_Blue_01_N.uasset" 114
"../../../../../../Users/alex9/Documents/Unreal Projects/Matt_GameJam_2021/Content/FirstPerson/Character/Materials/MaterialLayers/T_ML_Rubber_Blue_01_D.uasset" 115
"../../../../../../Users/alex9/Documents/Unreal Projects/Matt_GameJam_2021/Content/FirstPerson/Character/Materials/MaterialLayers/ML_GlossyBlack_Latex_UE4.uasset" 116
"../../../../../../Users/alex9/Documents/Unreal Projects/Matt_GameJam_2021/Content/FirstPerson/Character/Materials/M_UE4Man_Body.uasset" 117
"../../../../../../Users/alex9/Documents/Unreal Projects/Matt_GameJam_2021/Content/FirstPerson/Character/Mesh/SK_Mannequin_Arms.uasset" 118
"../../../../../../Users/alex9/Documents/Unreal Projects/Matt_GameJam_2021/Content/FirstPerson/Animations/FirstPerson_Fire.uasset" 119
"../../../../../../Users/alex9/Documents/Unreal Projects/Matt_GameJam_2021/Content/FirstPerson/Animations/FirstPersonFire_Montage.uasset" 120
"../../../../../../Users/alex9/Documents/Unreal Projects/Matt_GameJam_2021/Content/Assets/Sound/UI/Mouse_Hover.uasset" 121
"../../../../../../Users/alex9/Documents/Unreal Projects/Matt_GameJam_2021/Content/Assets/Sound/UI/mouseclick1.uasset" 122
"../../../../../../Users/alex9/Documents/Unreal Projects/Matt_GameJam_2021/Content/Assets/Fonts/AVALEA_.uasset" 123
"../../../../../../Users/alex9/Documents/Unreal Projects/Matt_GameJam_2021/Content/Assets/Fonts/AVALEA__Font.uasset" 124
"../../../../../../Users/alex9/Documents/Unreal Projects/Matt_GameJam_2021/Content/FirstPersonBP/Blueprints/Widgets/Pause_Menu.uasset" 125
"../../../../../../Users/alex9/Documents/Unreal Projects/Matt_GameJam_2021/Content/Assets/Mats/Red_Mat.uasset" 126
"../../../../../../Users/alex9/Documents/Unreal Projects/Matt_GameJam_2021/Content/FirstPersonBP/Blueprints/RedFirstPersonProjectile.uasset" 127
"../../../../../../Users/alex9/Documents/Unreal Projects/Matt_GameJam_2021/Content/FirstPersonBP/Blueprints/Guns/Gun.uasset" 128
"../../../../../../Users/alex9/Documents/Unreal Projects/Matt_GameJam_2021/Content/FirstPersonBP/Blueprints/Guns/Red_Gun.uasset" 129
"../../../../../../Users/alex9/Documents/Unreal Projects/Matt_GameJam_2021/Content/FirstPersonBP/Blueprints/Guns/Green_Gun.uasset" 130
"../../../../../../Users/alex9/Documents/Unreal Projects/Matt_GameJam_2021/Content/Assets/Sound/Sliding.uasset" 131
"../../../../../../Users/alex9/Documents/Unreal Projects/Matt_GameJam_2021/Content/Assets/Sound/GunSound.uasset" 132
"../../../../../../Users/alex9/Documents/Unreal Projects/Matt_GameJam_2021/Content/FirstPersonBP/Blueprints/FirstPersonCharacter.uasset" 133
"../../../../../../Users/alex9/Documents/Unreal Projects/Matt_GameJam_2021/Content/FirstPersonBP/Blueprints/Objects/Respawn.uasset" 134
"../../../../../../Users/alex9/Documents/Unreal Projects/Matt_GameJam_2021/Content/FirstPersonBP/Maps/f.uasset" 135
"../../../../../../Users/alex9/Documents/Unreal Projects/Matt_GameJam_2021/Content/FirstPersonBP/Maps/Map3g.uasset" 136
"../../../../../../Users/alex9/Documents/Unreal Projects/Matt_GameJam_2021/Content/Geometry/Meshes/1M_Cube_Chamfer.uasset" 137
"../../../../../../Users/alex9/Documents/Unreal Projects/Matt_GameJam_2021/Content/Geometry/Meshes/TemplateFloor.uasset" 138
"../../../Engine/Content/ArtTools/RenderToTexture/Meshes/S_1_Unit_Plane.uasset" 139
"../../../Engine/Content/EngineMaterials/DefaultMaterial.uasset" 140
"../../../Engine/Content/BasicShapes/Cone.uasset" 141
"../../../Engine/Content/BasicShapes/Cube.uasset" 142
"../../../Engine/Content/BasicShapes/Plane.uasset" 143
"../../../Engine/Content/BasicShapes/Sphere.uasset" 144
"../../../Engine/Content/EditorLandscapeResources/DataLayer.uasset" 145
"../../../Engine/Content/EditorLandscapeResources/DefaultAlphaTexture.uasset" 146
"../../../Engine/Content/EditorMaterials/MAT_Groups_Toggle.uasset" 147
"../../../Engine/Content/EditorMaterials/MAT_Groups_Visibility.uasset" 148
"../../../Engine/Content/EditorMaterials/PreviewShadowIndicatorMaterial.uasset" 149
"../../../Engine/Content/EditorMaterials/MatineeGroups/MAT_ColorTrack.uasset" 150
"../../../Engine/Content/EditorMaterials/MatineeGroups/MAT_Groups_Anim.uasset" 151
"../../../Engine/Content/EditorMaterials/MatineeGroups/MAT_Groups_AudioMaster.uasset" 152
"../../../Engine/Content/EditorMaterials/MatineeGroups/MAT_Groups_Director.uasset" 153
"../../../Engine/Content/EditorMaterials/MatineeGroups/MAT_Groups_Event.uasset" 154
"../../../Engine/Content/EditorMaterials/MatineeGroups/MAT_Groups_Fade.uasset" 155
"../../../Engine/Content/EditorMaterials/MatineeGroups/MAT_Groups_Float.uasset" 156
"../../../Engine/Content/EditorMaterials/MatineeGroups/MAT_Groups_Move.uasset" 157
"../../../Engine/Content/EditorMaterials/MatineeGroups/MAT_Groups_Slomo.uasset" 158
"../../../Engine/Content/EditorMaterials/MatineeGroups/MAT_Groups_Sound.uasset" 159
"../../../Engine/Content/EditorMaterials/MatineeGroups/MAT_Groups_Vector.uasset" 160
"../../../Engine/Content/EditorMaterials/ParticleSystems/PSysThumbnail_NoImage.uasset" 161
"../../../Engine/Content/EditorMaterials/ParticleSystems/PSysThumbnail_OOD.uasset" 162
"../../../Engine/Content/EditorMaterials/Camera/CineMat.uasset" 163
"../../../Engine/Content/EditorMaterials/Camera/MI_CineMat_Rig.uasset" 164
"../../../Engine/Content/EditorMeshes/Camera/SM_CraneRig_Arm.uasset" 165
"../../../Engine/Content/EditorMeshes/Camera/SM_CraneRig_Base.uasset" 166
"../../../Engine/Content/EditorMeshes/Camera/SM_CraneRig_Body.uasset" 167
"../../../Engine/Content/EditorMeshes/Camera/SM_CraneRig_Mount.uasset" 168
"../../../Engine/Content/EditorMeshes/Camera/SM_RailRig_Mount.uasset" 169
"../../../Engine/Content/EditorMeshes/Camera/SM_RailRig_Track.uasset" 170
"../../../Engine/Content/EditorResources/BSPVertex.uasset" 171
"../../../Engine/Content/EditorResources/EmptyActor.uasset" 172
"../../../Engine/Content/EditorResources/S_Actor.uasset" 173
"../../../Engine/Content/EditorResources/S_Note.uasset" 174
"../../../Engine/Content/EditorResources/S_Solver.uasset" 175
"../../../Engine/Content/EditorResources/S_Terrain.uasset" 176
"../../../Engine/Content/EditorResources/S_Trigger.uasset" 177
"../../../Engine/Content/EditorResources/LightIcons/S_LightError.uasset" 178
"../../../Engine/Content/EditorResources/SequenceRecorder/Countdown.uasset" 179
"../../../Engine/Content/EditorResources/SequenceRecorder/RecordingIndicator.uasset" 180
"../../../Engine/Content/EngineDamageTypes/DmgTypeBP_Environmental.uasset" 181
"../../../Engine/Content/EngineDebugMaterials/DebugEditorMaterial.uasset" 182
"../../../Engine/Content/EngineDebugMaterials/DebugMeshMaterial.uasset" 183
"../../../Engine/Content/EngineDebugMaterials/M_SimpleUnlitTranslucent.uasset" 184
"../../../Engine/Content/EngineDebugMaterials/VolumeToRender.uasset" 185
"../../../Engine/Content/Functions/Engine_MaterialFunctions02/Utility/CameraDirectionVector.uasset" 186
"../../../Engine/Content/EngineDebugMaterials/M_VolumeRenderSphereTracePP.uasset" 187
"../../../Engine/Content/Functions/Engine_MaterialFunctions01/Shading/ConvertFromDiffSpec.uasset" 188
"../../../Engine/Content/EngineDebugMaterials/VertexColorMaterial.uasset" 189
"../../../Engine/Content/EngineDebugMaterials/WireframeMaterial.uasset" 190
"../../../Engine/Content/EngineFonts/Faces/RobotoRegular.uasset" 191
"../../../Engine/Content/EngineFonts/Faces/RobotoLight.uasset" 192
"../../../Engine/Content/EngineFonts/Faces/RobotoItalic.uasset" 193
"../../../Engine/Content/EngineFonts/Faces/RobotoBoldItalic.uasset" 194
"../../../Engine/Content/EngineFonts/Faces/RobotoBold.uasset" 195
"../../../Engine/Content/EngineFonts/Faces/DroidSansFallback.uasset" 196
"../../../Engine/Content/EngineFonts/Roboto.uasset" 197
"../../../Engine/Content/EngineMaterials/BaseFlattenNormalMap.uasset" 198
"../../../Engine/Content/EngineMaterials/BaseFlattenGrayscaleMap.uasset" 199
"../../../Engine/Content/EngineMaterials/BaseFlattenEmissiveMap.uasset" 200
"../../../Engine/Content/EngineMaterials/BaseFlattenDiffuseMap.uasset" 201
"../../../Engine/Content/EngineMaterials/BaseFlattenMaterial.uasset" 202
"../../../Engine/Content/EngineMaterials/BlueNoise.uasset" 203
"../../../Engine/Content/EngineMaterials/DefaultBloomKernel.uasset" 204
"../../../Engine/Content/EngineMaterials/DefaultBokeh.uasset" 205
"../../../Engine/Content/EngineMaterials/DefaultDiffuse.uasset" 206
"../../../Engine/Content/EngineMaterials/DefaultDeferredDecalMaterial.uasset" 207
"../../../Engine/Content/EngineMaterials/DefaultLightFunctionMaterial.uasset" 208
"../../../Engine/Content/EngineMaterials/DefaultPhysicalMaterial.uasset" 209
"../../../Engine/Content/Functions/Engine_MaterialFunctions02/Utility/BreakOutFloat2Components.uasset" 210
"../../../Engine/Content/EngineMaterials/DefaultPostProcessMaterial.uasset" 211
"../../../Engine/Content/EngineFonts/RobotoDistanceField.uasset" 212
"../../../Engine/Content/EngineMaterials/DefaultTextMaterialOpaque.uasset" 213
"../../../Engine/Content/EngineMaterials/DefaultWhiteGrid.uasset" 214
"../../../Engine/Content/EngineMaterials/DefaultWhiteGrid_Low.uasset" 215
"../../../Engine/Content/EngineMaterials/EmissiveMeshMaterial.uasset" 216
"../../../Engine/Content/EngineMaterials/GizmoMaterial.uasset" 217
"../../../Engine/Content/EngineMaterials/Good64x64TilingNoiseHighFreq.uasset" 218
"../../../Engine/Content/EngineMaterials/MiniFont.uasset" 219
"../../../Engine/Content/EngineMaterials/InvalidLightmapSettings.uasset" 220
"../../../Engine/Content/EngineMaterials/M_InvalidLightmapSettings.uasset" 221
"../../../Engine/Content/Functions/Engine_MaterialFunctions02/WorldPositionOffset/CameraOffset.uasset" 222
"../../../Engine/Content/EngineMaterials/PhAT_JointLimitMaterial.uasset" 223
"../../../Engine/Content/EngineMaterials/PreintegratedSkinBRDF.uasset" 224
"../../../Engine/Content/EngineMaterials/RemoveSurfaceMaterial.uasset" 225
"../../../Engine/Content/EngineMaterials/WeightMapPlaceholderTexture.uasset" 226
"../../../Engine/Content/EngineResources/WhiteSquareTexture.uasset" 227
"../../../Engine/Content/EngineMaterials/Widget3DPassThrough.uasset" 228
"../../../Engine/Content/EngineMaterials/Widget3DPassThrough_Masked.uasset" 229
"../../../Engine/Content/EngineMaterials/Widget3DPassThrough_Opaque.uasset" 230
"../../../Engine/Content/EngineMaterials/Widget3DPassThrough_Masked_OneSided.uasset" 231
"../../../Engine/Content/EngineMaterials/Widget3DPassThrough_Opaque_OneSided.uasset" 232
"../../../Engine/Content/EngineMaterials/Widget3DPassThrough_Translucent.uasset" 233
"../../../Engine/Content/EngineMaterials/Widget3DPassThrough_Translucent_OneSided.uasset" 234
"../../../Engine/Content/EngineMeshes/Cube.uasset" 235
"../../../Engine/Content/EngineMeshes/Cylinder.uasset" 236
"../../../Engine/Content/EngineMeshes/Sphere.uasset" 237
"../../../Engine/Content/EngineResources/Black.uasset" 238
"../../../Engine/Content/EngineResources/DefaultTextureCube.uasset" 239
"../../../Engine/Content/EngineResources/DefaultVolumeTexture2D.uasset" 240
"../../../Engine/Content/EngineResources/DefaultVolumeTexture.uasset" 241
"../../../Engine/Content/EngineResources/GradientTexture0.uasset" 242
"../../../Engine/Content/EngineSky/VolumetricClouds/T_NoiseShape64.uasset" 243
"../../../Engine/Content/EngineSky/VolumetricClouds/T_VolumeNoiseShape64.uasset" 244
"../../../Engine/Content/EngineSky/VolumetricClouds/T_NoiseErosion.uasset" 245
"../../../Engine/Content/EngineSky/VolumetricClouds/T_VolumeNoiseErosion32.uasset" 246
"../../../Engine/Content/EngineSky/VolumetricClouds/CloudWeatherTexture.uasset" 247
"../../../Engine/Content/EngineSky/VolumetricClouds/CloudGradientTexture.uasset" 248
"../../../Engine/Content/Functions/Engine_MaterialFunctions02/Utility/MakeFloat2.uasset" 249
"../../../Engine/Content/EngineSky/VolumetricClouds/m_SimpleVolumetricCloud.uasset" 250
"../../../Engine/Content/EngineSky/VolumetricClouds/m_SimpleVolumetricCloud_Inst.uasset" 251
"../../../Engine/Content/EngineSounds/Master.uasset" 252
"../../../Engine/Content/Functions/Engine_MaterialFunctions01/Shading/PowerToRoughness.uasset" 253
"../../../Engine/Content/Maps/Templates/Thumbnails/Default.uasset" 254
"../../../Engine/Content/Maps/Templates/Thumbnails/TimeOfDay.uasset" 255
"../../../Engine/Content/Maps/Templates/Thumbnails/VR-Basic.uasset" 256
"../../../Engine/Content/MobileResources/T_MobileControls_texture.uasset" 257
"../../../Engine/Content/MobileResources/T_MobileMenu2.uasset" 258
"../../../Engine/Content/MobileResources/HUD/AnalogHat.uasset" 259
"../../../Engine/Content/MobileResources/HUD/VirtualJoystick_Thumb.uasset" 260
"../../../Engine/Content/MobileResources/HUD/VirtualJoystick_Background.uasset" 261
"../../../Engine/Content/MobileResources/HUD/DefaultVirtualJoysticks.uasset" 262
"../../../Engine/Content/MobileResources/HUD/LeftVirtualJoystickOnly.uasset" 263
"../../../Engine/Content/MobileResources/HUD/MobileHUDButton1_off.uasset" 264
"../../../Engine/Content/MobileResources/HUD/MobileHUDButton1_on.uasset" 265
"../../../Engine/Content/MobileResources/HUD/MobileHUDButton2_off.uasset" 266
"../../../Engine/Content/MobileResources/HUD/MobileHUDButton2_on.uasset" 267
"../../../Engine/Content/MobileResources/HUD/MobileHUDButton3.uasset" 268
"../../../Engine/Content/MobileResources/HUD/MobileHUDButtonFire.uasset" 269
"../../../Engine/Content/MobileResources/HUD/MobileHUDDirectionPad.uasset" 270
"../../../Engine/Content/MobileResources/HUD/MobileHUDDirectionPad2.uasset" 271
"../../../Engine/Content/MobileResources/HUD/MobileHUDDirectionPad3.uasset" 272
"../../../Engine/Content/MobileResources/HUD/MobileHUDDirectionStick.uasset" 273
"../../../Engine/Content/MobileResources/HUD/T_Castle_ThumbstickInner.uasset" 274
"../../../Engine/Content/MobileResources/HUD/T_Castle_ThumbstickOutter.uasset" 275
"../../../Engine/Content/Tutorial/ContentIntroCurve.uasset" 276
"../../../Engine/Content/Tutorial/Basics/LevelEditorAttract.uasset" 277
"../../../Engine/Content/Tutorial/Basics/TutorialAssets/icon_tab_Levels_40x.uasset" 278
"../../../Engine/Content/Tutorial/Basics/LevelEditorOverview.uasset" 279
"../../../Engine/Content/Tutorial/BlueprintTutorials/TutorialAssets/Blueprint_64x.uasset" 280
"../../../Engine/Content/Tutorial/BlueprintTutorials/BlueprintEditorTutorial.uasset" 281
"../../../Engine/Content/Tutorial/BlueprintTutorials/LevelBlueprintEditorOverview.uasset" 282
"../../../Engine/Content/Tutorial/Installation/InstallingVisualStudioTutorial.uasset" 283
"../../../Engine/Content/Tutorial/Landscape/TutorialAssets/Landscape.uasset" 284
"../../../Engine/Content/Tutorial/Landscape/LandscapeWalkThrough.uasset" 285
"../../../Engine/Content/Tutorial/Landscape/Landscape_Manage_Mode.uasset" 286
"../../../Engine/Content/Tutorial/Landscape/Landscape_Painting_Mode.uasset" 287
"../../../Engine/Content/Tutorial/Landscape/Landscape_Sculpt_Mode.uasset" 288
"../../../Engine/Content/Tutorial/SubEditors/GettingSubstance.uasset" 289
"../../../Engine/Content/Tutorial/SubEditors/MaterialEditorTutorial.uasset" 290
"../../../Engine/Content/Tutorial/SubEditors/StaticMeshEditorTutorial.uasset" 291
"../../../Engine/Content/Tutorial/SubEditors/TutorialAssets/TutorialMaterial.uasset" 292
"../../../Engine/Content/VREditor/TransformGizmo/TranslucentTransformGizmoMaterial.uasset" 293
"../../../Engine/Content/VREditor/LaserPointer/VR_LaserPower_01.uasset" 294
"../../../Engine/Content/VREditor/TransformGizmo/TransformGizmoMaterial.uasset" 295
"../../../Engine/Content/VREditor/TransformGizmo/BoundingBoxCorner.uasset" 296
"../../../Engine/Content/VREditor/TransformGizmo/BoundingBoxEdge.uasset" 297
"../../../Engine/Content/VREditor/TransformGizmo/PlaneTranslationHandle.uasset" 298
"../../../Engine/Content/VREditor/TransformGizmo/Xray.uasset" 299
"../../../Engine/Content/VREditor/TransformGizmo/Main.uasset" 300
"../../../Engine/Content/VREditor/TransformGizmo/SM_Sequencer_Key.uasset" 301
"../../../Engine/Content/VREditor/TransformGizmo/SM_Sequencer_Node.uasset" 302
"../../Plugins/2D/Paper2D/Content/PlaceholderTextures/DummySpriteTexture.uasset" 303
"../../Plugins/2D/Paper2D/Content/DummySprite.uasset" 304
"../../Plugins/2D/Paper2D/Content/DefaultPaperTerrainMaterial.uasset" 305
"../../Plugins/2D/Paper2D/Content/DefaultSpriteMaterial.uasset" 306
"../../Plugins/2D/Paper2D/Content/MaskedUnlitSpriteMaterial.uasset" 307
"../../Plugins/2D/Paper2D/Content/OpaqueUnlitSpriteMaterial.uasset" 308
"../../../Engine/Content/Functions/Engine_MaterialFunctions02/Utility/BreakOutFloat3Components.uasset" 309
"../../Plugins/Editor/SpeedTreeImporter/Content/SpeedTree9/UnpackInteger3.uasset" 310
"../../Plugins/Editor/SpeedTreeImporter/Content/SpeedTree9/UnpackDirection.uasset" 311
"../../Plugins/Editor/SpeedTreeImporter/Content/SpeedTree9/game_wind_noise.uasset" 312
"../../../Engine/Content/Functions/Engine_MaterialFunctions02/SafeNormalize.uasset" 313
"../../Plugins/Editor/SpeedTreeImporter/Content/SpeedTree9/SpeedTreeWindMotion.uasset" 314
"../../Plugins/Editor/SpeedTreeImporter/Content/SpeedTree9/SpeedTreeBranchMotion.uasset" 315
"../../../Engine/Content/Functions/Engine_MaterialFunctions02/ObjectLocalBounds.uasset" 316
"../../../Engine/Content/Functions/Engine_MaterialFunctions02/UVs/BoundingBoxBased_0-1_UVW.uasset" 317
"../../Plugins/Editor/SpeedTreeImporter/Content/SpeedTree9/SpeedTreeWind.uasset" 318
"../../Plugins/Editor/SpeedTreeImporter/Content/SpeedTree9/SpeedTreeBillboard.uasset" 319
"../../../Engine/Content/EngineResources/DefaultTexture.uasset" 320
"../../Plugins/Editor/SpeedTreeImporter/Content/SpeedTree9/SpeedTreeBillboardMaster.uasset" 321
"../../Plugins/Editor/SpeedTreeImporter/Content/SpeedTree9/SpeedTreeCameraFacing.uasset" 322
"../../Plugins/Editor/SpeedTreeImporter/Content/SpeedTree9/SpeedTreeMaster.uasset" 323
"../../../Engine/Content/ArtTools/RenderToTexture/Materials/Debug/M_Emissive_Color.uasset" 324
"../../../Engine/Content/BasicShapes/Cylinder.uasset" 325
"../../Plugins/Lumin/MagicLeapPassableWorld/Content/MagicLeapARPinInfoActor.uasset" 326
"../../../Engine/Content/Functions/Engine_MaterialFunctions02/Utility/BreakOutFloat4Components.uasset" 327
"../../../Engine/Content/Functions/Engine_MaterialFunctions02/Utility/MakeFloat3.uasset" 328
"../../Plugins/Runtime/Oculus/OculusVR/Content/Materials/OculusMR_ChromaKey.uasset" 329
"../../Plugins/Runtime/Oculus/OculusVR/Content/Materials/OculusMR_OpaqueColoredMaterial.uasset" 330
"../../Plugins/Runtime/Oculus/OculusVR/Content/Materials/PokeAHoleMaterial.uasset" 331
"../../../Engine/Content/EngineSky/T_Sky_Stars.uasset" 332
"../../../../../../Users/alex9/Documents/Unreal Projects/Matt_GameJam_2021/Content/Blueprints/BP_Enemy.uasset" 333
"../../../Engine/Content/EngineSky/T_Sky_Clouds_M.uasset" 334
"../../../Engine/Content/EngineSky/T_Sky_Blue.uasset" 335
"../../../Engine/Content/EngineSky/M_Sky_Panning_Clouds2.uasset" 336
"../../../../../../Users/alex9/Documents/Unreal Projects/Matt_GameJam_2021/Content/FirstPersonBP/Maps/FirstPersonExampleMap_BuiltData.uasset" 337
"../../../Engine/Content/EngineSky/SM_SkySphere.uasset" 338
"../../../Engine/Content/EngineSky/C_Sky_Zenith_Color.uasset" 339
"../../../Engine/Content/EngineSky/C_Sky_Horizon_Color.uasset" 340
"../../../Engine/Content/EngineSky/C_Sky_Cloud_Color.uasset" 341
"../../../Engine/Content/EngineSky/BP_Sky_Sphere.uasset" 342
"../../../../../../Users/alex9/Documents/Unreal Projects/Matt_GameJam_2021/Content/Assets/Sound/BoxFalling/Woddenbox/CardboardBox_Hit_3_6.uasset" 343
"../../../../../../Users/alex9/Documents/Unreal Projects/Matt_GameJam_2021/Content/Assets/Sound/BoxFalling/Woddenbox/CardboardBox_Hit_3_5.uasset" 344
"../../../../../../Users/alex9/Documents/Unreal Projects/Matt_GameJam_2021/Content/Assets/Sound/BoxFalling/Woddenbox/CardboardBox_Hit_3_4.uasset" 345
"../../../../../../Users/alex9/Documents/Unreal Projects/Matt_GameJam_2021/Content/Assets/Sound/BoxFalling/Woddenbox/CardboardBox_Hit_3_3.uasset" 346
"../../../../../../Users/alex9/Documents/Unreal Projects/Matt_GameJam_2021/Content/Assets/Sound/BoxFalling/Woddenbox/CardboardBox_Hit_3_2.uasset" 347
"../../../../../../Users/alex9/Documents/Unreal Projects/Matt_GameJam_2021/Content/Assets/Sound/BoxFalling/Woddenbox/CardboardBox_Hit_3_1.uasset" 348
"../../../../../../Users/alex9/Documents/Unreal Projects/Matt_GameJam_2021/Content/Assets/Sound/BoxFalling/Woddenbox/CardboardBox_Hit_2_6.uasset" 349
"../../../../../../Users/alex9/Documents/Unreal Projects/Matt_GameJam_2021/Content/Assets/Sound/BoxFalling/Woddenbox/CardboardBox_Hit_2_5.uasset" 350
"../../../../../../Users/alex9/Documents/Unreal Projects/Matt_GameJam_2021/Content/Assets/Sound/BoxFalling/Woddenbox/CardboardBox_Hit_2_4.uasset" 351
"../../../../../../Users/alex9/Documents/Unreal Projects/Matt_GameJam_2021/Content/Assets/Sound/BoxFalling/Woddenbox/CardboardBox_Hit_2_3.uasset" 352
"../../../../../../Users/alex9/Documents/Unreal Projects/Matt_GameJam_2021/Content/Assets/Sound/BoxFalling/Woddenbox/CardboardBox_Hit_2_2.uasset" 353
"../../../../../../Users/alex9/Documents/Unreal Projects/Matt_GameJam_2021/Content/Assets/Sound/BoxFalling/Woddenbox/CardboardBox_Hit_2_1.uasset" 354
"../../../../../../Users/alex9/Documents/Unreal Projects/Matt_GameJam_2021/Content/Assets/Sound/BoxFalling/Woddenbox/CardboardBox_Hit_1_6.uasset" 355
"../../../../../../Users/alex9/Documents/Unreal Projects/Matt_GameJam_2021/Content/Assets/Sound/BoxFalling/Woddenbox/CardboardBox_Hit_1_5.uasset" 356
"../../../../../../Users/alex9/Documents/Unreal Projects/Matt_GameJam_2021/Content/Assets/Sound/BoxFalling/Woddenbox/CardboardBox_Hit_1_3.uasset" 357
"../../../../../../Users/alex9/Documents/Unreal Projects/Matt_GameJam_2021/Content/Assets/Sound/BoxFalling/Woddenbox/CardboardBox_Hit_1_2.uasset" 358
"../../../../../../Users/alex9/Documents/Unreal Projects/Matt_GameJam_2021/Content/Assets/Sound/BoxFalling/Woddenbox/CardboardBox_Hit_1_1.uasset" 359
"../../../../../../Users/alex9/Documents/Unreal Projects/Matt_GameJam_2021/Content/Assets/Sound/BoxFalling/Concrete/box1_3.uasset" 360
"../../../../../../Users/alex9/Documents/Unreal Projects/Matt_GameJam_2021/Content/Assets/Sound/BoxFalling/Concrete/box1_2.uasset" 361
"../../../../../../Users/alex9/Documents/Unreal Projects/Matt_GameJam_2021/Content/Assets/Sound/BoxFalling/WoddenBoxFalling.uasset" 362
"../../../../../../Users/alex9/Documents/Unreal Projects/Matt_GameJam_2021/Content/Assets/3D/SoundCubeMesh.uasset" 363
"../../../../../../Users/alex9/Documents/Unreal Projects/Matt_GameJam_2021/Content/FirstPersonBP/Blueprints/Objects/SoundCube_BP.uasset" 364
"../../../../../../Users/alex9/Documents/Unreal Projects/Matt_GameJam_2021/Content/FirstPersonBP/Blueprints/Objects/Red_Wall_BP.uasset" 365
"../../../../../../Users/alex9/Documents/Unreal Projects/Matt_GameJam_2021/Content/Assets/Sound/Jump/Jump1.uasset" 366
"../../../../../../Users/alex9/Documents/Unreal Projects/Matt_GameJam_2021/Content/FirstPersonBP/Blueprints/Objects/Jump_Pad.uasset" 367
"../../../../../../Users/alex9/Documents/Unreal Projects/Matt_GameJam_2021/Content/Assets/Mats/Green_Glass.uasset" 368
"../../../../../../Users/alex9/Documents/Unreal Projects/Matt_GameJam_2021/Content/Assets/3D/Green_Glass.uasset" 369
"../../../../../../Users/alex9/Documents/Unreal Projects/Matt_GameJam_2021/Content/FirstPersonBP/Blueprints/Objects/Green_Wall_BP.uasset" 370
"../../../../../../Users/alex9/Documents/Unreal Projects/Matt_GameJam_2021/Content/FirstPersonBP/Blueprints/FirstPersonGameMode.uasset" 371
"../../../../../../Users/alex9/Documents/Unreal Projects/Matt_GameJam_2021/Content/Assets/Sound/UnlockSound.uasset" 372
"../../../../../../Users/alex9/Documents/Unreal Projects/Matt_GameJam_2021/Content/Assets/3D/Buttons/red_button_Mat.uasset" 373
"../../../../../../Users/alex9/Documents/Unreal Projects/Matt_GameJam_2021/Content/Assets/3D/Buttons/red_button.uasset" 374
"../../../../../../Users/alex9/Documents/Unreal Projects/Matt_GameJam_2021/Content/Assets/3D/Buttons/green_button_Mat.uasset" 375
"../../../../../../Users/alex9/Documents/Unreal Projects/Matt_GameJam_2021/Content/Assets/3D/Buttons/green_button.uasset" 376
"../../../../../../Users/alex9/Documents/Unreal Projects/Matt_GameJam_2021/Content/Assets/3D/Box/specular.uasset" 377
"../../../../../../Users/alex9/Documents/Unreal Projects/Matt_GameJam_2021/Content/Assets/3D/Box/normal.uasset" 378
"../../../../../../Users/alex9/Documents/Unreal Projects/Matt_GameJam_2021/Content/Assets/3D/Box/dirtMain.uasset" 379
"../../../../../../Users/alex9/Documents/Unreal Projects/Matt_GameJam_2021/Content/Assets/3D/Box/d3k3gnj-030095cc-99a7-4e6e-82e2-111a517dc655.uasset" 380
"../../../../../../Users/alex9/Documents/Unreal Projects/Matt_GameJam_2021/Content/Assets/3D/Box/Box_Mat.uasset" 381
"../../../../../../Users/alex9/Documents/Unreal Projects/Matt_GameJam_2021/Content/FirstPersonBP/Maps/FirstPersonExampleMap.umap" 382
"../../../../../../Users/alex9/Documents/Unreal Projects/Matt_GameJam_2021/Content/FirstPersonBP/Blueprints/Widgets/Main_Menu/Main_Menu_PC.uasset" 383
"../../../../../../Users/alex9/Documents/Unreal Projects/Matt_GameJam_2021/Content/FirstPersonBP/Blueprints/Widgets/Main_Menu/Main_Menu_Gamemod.uasset" 384
"../../../../../../Users/alex9/Documents/Unreal Projects/Matt_GameJam_2021/Content/Assets/Textures/UI/RedgreUI_Play.uasset" 385
"../../../../../../Users/alex9/Documents/Unreal Projects/Matt_GameJam_2021/Content/Assets/Textures/UI/RedgreUI_Options.uasset" 386
"../../../../../../Users/alex9/Documents/Unreal Projects/Matt_GameJam_2021/Content/Assets/Textures/UI/RedgreUI_Exit.uasset" 387
"../../../../../../Users/alex9/Documents/Unreal Projects/Matt_GameJam_2021/Content/Assets/Textures/UI/RedgreUI_Credits.uasset" 388
"../../../../../../Users/alex9/Documents/Unreal Projects/Matt_GameJam_2021/Content/Assets/Textures/UI/background.uasset" 389
"../../../../../../Users/alex9/Documents/Unreal Projects/Matt_GameJam_2021/Content/FirstPersonBP/Blueprints/Widgets/Main_Menu/Options.uasset" 390
"../../../../../../Users/alex9/Documents/Unreal Projects/Matt_GameJam_2021/Content/FirstPersonBP/Blueprints/Widgets/Main_Menu/Help.uasset" 391
"../../../../../../Users/alex9/Documents/Unreal Projects/Matt_GameJam_2021/Content/FirstPersonBP/Blueprints/Widgets/Main_Menu/Credit.uasset" 392
"../../../../../../Users/alex9/Documents/Unreal Projects/Matt_GameJam_2021/Content/FirstPersonBP/Blueprints/Widgets/Main_Menu/Main_Menu.uasset" 393
"../../../../../../Users/alex9/Documents/Unreal Projects/Matt_GameJam_2021/Content/Assets/Sound/the_dawn.uasset" 394
"../../../../../../Users/alex9/Documents/Unreal Projects/Matt_GameJam_2021/Content/FirstPersonBP/Maps/Main_Menu_Level.umap" 395
"../../../../../../Users/alex9/Documents/Unreal Projects/Matt_GameJam_2021/Content/FirstPersonBP/Maps/Map1_BuiltData.uasset" 396
"../../../../../../Users/alex9/Documents/Unreal Projects/Matt_GameJam_2021/Content/Assets/Sound/Sara_Vocals/voc_1.uasset" 397
"../../../../../../Users/alex9/Documents/Unreal Projects/Matt_GameJam_2021/Content/Assets/Mats/White_Neon_Mat.uasset" 398
"../../../../../../Users/alex9/Documents/Unreal Projects/Matt_GameJam_2021/Content/Assets/Mats/Green_Neon_Mat.uasset" 399
"../../../../../../Users/alex9/Documents/Unreal Projects/Matt_GameJam_2021/Content/Assets/Mats/Blue_Neon_Mat1.uasset" 400
"../../../../../../Users/alex9/Documents/Unreal Projects/Matt_GameJam_2021/Content/FirstPersonBP/Maps/Map1.umap" 401
"../../../../../../Users/alex9/Documents/Unreal Projects/Matt_GameJam_2021/Content/Assets/Mats/Black_Grid_Mat.uasset" 402
"../../../../../../Users/alex9/Documents/Unreal Projects/Matt_GameJam_2021/Content/FirstPersonBP/Maps/Map2.umap" 403
"../../../../../../Users/alex9/Documents/Unreal Projects/Matt_GameJam_2021/Content/FirstPersonBP/Maps/Map3.umap" 404
"../../../../../../Users/alex9/Documents/Unreal Projects/Matt_GameJam_2021/Content/FirstPersonBP/Maps/SH_level.umap" 405
"../../../../../../Users/alex9/Documents/Unreal Projects/Matt_GameJam_2021/Content/FirstPersonBP/Blueprints/Widgets/Main_Menu/Theend.uasset" 406
"../../../../../../Users/alex9/Documents/Unreal Projects/Matt_GameJam_2021/Content/FirstPersonBP/Maps/TheEnd_Level.umap" 407
"../../../../../../Users/alex9/Documents/Unreal Projects/Matt_GameJam_2021/Content/FirstPersonBP/Maps/Map4.umap" 408
"../../../Engine/Content/Maps/Entry_BuiltData.uasset" 409
"../../../Engine/Content/Maps/Entry.umap" 410
